c:\users\fbriones\desktop\bone\265\flocking\release\vc141.pdb
c:\users\fbriones\desktop\bone\265\flocking\release\mymath.obj
c:\users\fbriones\desktop\bone\265\flocking\release\main.obj
c:\users\fbriones\desktop\bone\265\flocking\release\flock system.obj
c:\users\fbriones\desktop\bone\265\flocking\release\bird.obj
c:\users\fbriones\desktop\bone\265\flocking\release\flocking.ipdb
c:\users\fbriones\desktop\bone\265\flocking\release\flocking.iobj
c:\users\fbriones\desktop\bone\265\flocking\release\flocking.exe
c:\users\fbriones\desktop\bone\265\flocking\release\flocking.pdb
c:\users\fbriones\desktop\bone\265\flocking\release\particle.obj
c:\users\fbriones\desktop\bone\265\flocking\release\particle s.ipdb
c:\users\fbriones\desktop\bone\265\flocking\release\particle s.iobj
c:\users\fbriones\desktop\bone\265\flocking\release\particle s.pdb
c:\users\fbriones\desktop\bone\265\flocking\release\flocking.tlog\cl.command.1.tlog
c:\users\fbriones\desktop\bone\265\flocking\release\flocking.tlog\cl.read.1.tlog
c:\users\fbriones\desktop\bone\265\flocking\release\flocking.tlog\cl.write.1.tlog
c:\users\fbriones\desktop\bone\265\flocking\release\flocking.tlog\flocking.write.1u.tlog
c:\users\fbriones\desktop\bone\265\flocking\release\flocking.tlog\link.command.1.tlog
c:\users\fbriones\desktop\bone\265\flocking\release\flocking.tlog\link.read.1.tlog
c:\users\fbriones\desktop\bone\265\flocking\release\flocking.tlog\link.write.1.tlog
